<?xml version="1.0" encoding="UTF-8"?>
<robot generator="Robot 7.0 (Python 3.8.1 on win32)" generated="2024-03-07T01:22:49.094454" rpa="false" schemaversion="5">
<suite id="s1" name="Tests" source="C:\Users\user\Desktop\Test logiciel devoir\tests">
<suite id="s1-s1" name="Main" source="C:\Users\user\Desktop\Test logiciel devoir\tests\main.robot">
<kw name="Debut du test" owner="common" type="SETUP">
<kw name="Open Browser" owner="SeleniumLibrary">
<msg time="2024-03-07T01:22:49.481451" level="INFO">Opening browser 'chrome' to base url 'about:blank'.</msg>
<msg time="2024-03-07T01:24:14.484321" level="WARN">Exception managing chrome: error sending request for url (https://googlechromelabs.github.io/chrome-for-testing/known-good-versions-with-downloads.json): error trying to connect: tcp connect error: Une tentative de connexion a échoué car le parti connecté n’a pas répondu convenablement au-delà d’une certaine durée ou une connexion établie a échoué car l’hôte de connexion n’a pas répondu. (os error 10060)</msg>
<msg time="2024-03-07T01:24:14.486317" level="WARN">The chromedriver version (121.0.6167.85) detected in PATH at C:\bin\chromedriver.exe might not be compatible with the detected chrome version (122.0.6261.95); currently, chromedriver  is recommended for chrome 122.*, so it is advised to delete the driver in PATH and retry</msg>
<arg>about:blank</arg>
<arg>${BROWSER}</arg>
<doc>Opens a new browser instance to the optional ``url``.</doc>
<status status="PASS" start="2024-03-07T01:22:49.481451" elapsed="86.925070"/>
</kw>
<kw name="Maximize Browser Window" owner="SeleniumLibrary">
<doc>Maximizes current browser window.</doc>
<status status="PASS" start="2024-03-07T01:24:16.407520" elapsed="0.146972"/>
</kw>
<status status="PASS" start="2024-03-07T01:22:49.479425" elapsed="87.076047"/>
</kw>
<test id="s1-s1-t1" name="Page acceuil" line="18">
<kw name="Ouvrir chrome" owner="PageAccueil">
<kw name="Go To" owner="SeleniumLibrary">
<msg time="2024-03-07T01:24:16.558464" level="INFO">Opening url 'https://www.google.com/'</msg>
<arg>${GOOGLE_URL}</arg>
<doc>Navigates the current browser window to the provided ``url``.</doc>
<status status="PASS" start="2024-03-07T01:24:16.558464" elapsed="2.796548"/>
</kw>
<kw name="Wait Until Page Contains" owner="SeleniumLibrary">
<arg>Google</arg>
<doc>Waits until ``text`` appears on the current page.</doc>
<status status="PASS" start="2024-03-07T01:24:19.357007" elapsed="0.025930"/>
</kw>
<status status="PASS" start="2024-03-07T01:24:16.556469" elapsed="2.826468"/>
</kw>
<kw name="Acceder a la page google" owner="PageAccueil">
<kw name="Clear Element Text" owner="SeleniumLibrary">
<arg>name=q</arg>
<doc>Clears the value of the text-input-element identified by ``locator``.</doc>
<status status="PASS" start="2024-03-07T01:24:19.384932" elapsed="0.058853"/>
</kw>
<kw name="Input Text" owner="SeleniumLibrary">
<msg time="2024-03-07T01:24:19.444771" level="INFO">Typing text 'Africa shop' into text field 'name=q'.</msg>
<arg>name=q</arg>
<arg>Africa shop</arg>
<doc>Types the given ``text`` into the text field identified by ``locator``.</doc>
<status status="PASS" start="2024-03-07T01:24:19.444771" elapsed="0.146612"/>
</kw>
<kw name="Mouse Down" owner="SeleniumLibrary">
<msg time="2024-03-07T01:24:19.593378" level="INFO">Simulating Mouse Down on element 'xpath=/html/body/div[1]/div[2]/div/img'.</msg>
<arg>xpath=/html/body/div[1]/div[2]/div/img</arg>
<doc>Simulates pressing the left mouse button on the element ``locator``.</doc>
<status status="PASS" start="2024-03-07T01:24:19.592378" elapsed="0.293231"/>
</kw>
<kw name="Mouse Up" owner="SeleniumLibrary">
<msg time="2024-03-07T01:24:19.887604" level="INFO">Simulating Mouse Up on element 'xpath=/html/body/div[1]/div[2]/div/img'.</msg>
<arg>xpath=/html/body/div[1]/div[2]/div/img</arg>
<doc>Simulates releasing the left mouse button on the element ``locator``.</doc>
<status status="PASS" start="2024-03-07T01:24:19.886607" elapsed="0.391219"/>
</kw>
<kw name="Click Element" owner="SeleniumLibrary">
<msg time="2024-03-07T01:24:20.279850" level="INFO">Clicking element 'xpath=/html/body/div[1]/div[3]/form/div[1]/div[1]/div[4]/center/input[1]'.</msg>
<arg>xpath=/html/body/div[1]/div[3]/form/div[1]/div[1]/div[4]/center/input[1]</arg>
<doc>Click the element identified by ``locator``.</doc>
<status status="PASS" start="2024-03-07T01:24:20.278823" elapsed="0.331117"/>
</kw>
<kw name="Wait Until Page Contains" owner="SeleniumLibrary">
<arg>Google</arg>
<doc>Waits until ``text`` appears on the current page.</doc>
<status status="PASS" start="2024-03-07T01:24:20.609940" elapsed="4.026469"/>
</kw>
<status status="PASS" start="2024-03-07T01:24:19.384932" elapsed="5.252473"/>
</kw>
<kw name="Acceder a la page d'acceuil Africa shop" owner="PageAccueil">
<kw name="Go To" owner="SeleniumLibrary">
<msg time="2024-03-07T01:24:24.639432" level="INFO">Opening url 'https://www.africa-shops.cm/'</msg>
<arg>${URL_SITE}</arg>
<doc>Navigates the current browser window to the provided ``url``.</doc>
<status status="PASS" start="2024-03-07T01:24:24.638403" elapsed="2.602271"/>
</kw>
<status status="PASS" start="2024-03-07T01:24:24.638403" elapsed="2.603259"/>
</kw>
<status status="PASS" start="2024-03-07T01:24:16.555472" elapsed="10.686190"/>
</test>
<test id="s1-s1-t2" name="Page produit" line="23">
<kw name="Choisir la categorie du produit" owner="pagesProduits1">
<kw name="Click Link" owner="SeleniumLibrary">
<msg time="2024-03-07T01:24:27.252637" level="INFO">Clicking link 'xpath= //*[@id="global__gallery-template--15054349795537__1625752962aa2a6ebb"]/div/div[1]/div/div[3]/div/span/a'.</msg>
<arg>xpath= //*[@id="global__gallery-template--15054349795537__1625752962aa2a6ebb"]/div/div[1]/div/div[3]/div/span/a</arg>
<doc>Clicks a link identified by ``locator``.</doc>
<status status="PASS" start="2024-03-07T01:24:27.251638" elapsed="5.284386"/>
</kw>
<kw name="Wait Until Page Contains" owner="SeleniumLibrary">
<arg>Robes</arg>
<doc>Waits until ``text`` appears on the current page.</doc>
<status status="PASS" start="2024-03-07T01:24:32.536024" elapsed="0.040894"/>
</kw>
<status status="PASS" start="2024-03-07T01:24:27.250641" elapsed="5.327271"/>
</kw>
<kw name="choisir son produits" owner="pagesProduits1">
<kw name="Click Link" owner="SeleniumLibrary">
<msg time="2024-03-07T01:24:32.580904" level="INFO">Clicking link 'xpath=//*[@id="prod-6840499110097"]/div[1]/div[2]/a'.</msg>
<arg>xpath=//*[@id="prod-6840499110097"]/div[1]/div[2]/a</arg>
<doc>Clicks a link identified by ``locator``.</doc>
<status status="PASS" start="2024-03-07T01:24:32.580904" elapsed="3.162153"/>
</kw>
<kw name="Wait Until Page Contains" owner="SeleniumLibrary">
<arg>Longue robe motif animal</arg>
<doc>Waits until ``text`` appears on the current page.</doc>
<status status="PASS" start="2024-03-07T01:24:35.743057" elapsed="0.041888"/>
</kw>
<status status="PASS" start="2024-03-07T01:24:32.578910" elapsed="3.206035"/>
</kw>
<kw name="Consulter le produit le produit choisit" owner="pagesProduits1">
<kw name="Click Image" owner="SeleniumLibrary">
<msg time="2024-03-07T01:24:35.786940" level="INFO">Clicking image 'xpath=//*[@id="thumb-slider-wrapper"]/div/div[2]/div/img'.</msg>
<arg>xpath=//*[@id="thumb-slider-wrapper"]/div/div[2]/div/img</arg>
<doc>Clicks an image identified by ``locator``.</doc>
<status status="PASS" start="2024-03-07T01:24:35.785942" elapsed="0.155588"/>
</kw>
<kw name="Wait Until Page Contains" owner="SeleniumLibrary">
<arg>Longue robe motif animal</arg>
<doc>Waits until ``text`` appears on the current page.</doc>
<status status="PASS" start="2024-03-07T01:24:35.942526" elapsed="0.045880"/>
</kw>
<kw name="Click Element" owner="SeleniumLibrary">
<msg time="2024-03-07T01:24:35.990398" level="INFO">Clicking element 'xpath= //*[@id="AddToCartForm"]/div[2]/div[2]'.</msg>
<arg>xpath= //*[@id="AddToCartForm"]/div[2]/div[2]</arg>
<doc>Click the element identified by ``locator``.</doc>
<status status="PASS" start="2024-03-07T01:24:35.989402" elapsed="0.104721"/>
</kw>
<kw name="Wait Until Page Contains" owner="SeleniumLibrary">
<arg>Longue robe motif animal</arg>
<doc>Waits until ``text`` appears on the current page.</doc>
<status status="PASS" start="2024-03-07T01:24:36.094123" elapsed="0.028922"/>
</kw>
<kw name="Click Element" owner="SeleniumLibrary">
<msg time="2024-03-07T01:24:36.123045" level="INFO">Clicking element 'xpath=//*[@id="AddToCartForm"]/div[5]/a[2]'.</msg>
<arg>xpath=//*[@id="AddToCartForm"]/div[5]/a[2]</arg>
<doc>Click the element identified by ``locator``.</doc>
<status status="PASS" start="2024-03-07T01:24:36.123045" elapsed="0.107717"/>
</kw>
<status status="PASS" start="2024-03-07T01:24:35.785942" elapsed="0.445814"/>
</kw>
<status status="PASS" start="2024-03-07T01:24:27.248644" elapsed="8.984109"/>
</test>
<test id="s1-s1-t3" name=" pannier" line="30">
<kw name="voir le panier" owner="panier">
<kw name="Wait Until Element Is Visible" owner="SeleniumLibrary">
<msg time="2024-03-07T01:24:40.556283" level="INFO">Suppressing StaleElementReferenceException from Selenium.</msg>
<arg>xpath=//*[@id="mini-cart"]/div[3]/form/div[3]/div[2]/a</arg>
<arg>timeout=60s</arg>
<doc>Waits until the element ``locator`` is visible.</doc>
<status status="PASS" start="2024-03-07T01:24:36.237743" elapsed="7.357118"/>
</kw>
<kw name="Click Link" owner="SeleniumLibrary">
<msg time="2024-03-07T01:24:43.596854" level="INFO">Clicking link 'xpath= //*[@id="mini-cart"]/div[3]/form/div[3]/div[2]/a'.</msg>
<arg>xpath= //*[@id="mini-cart"]/div[3]/form/div[3]/div[2]/a</arg>
<doc>Clicks a link identified by ``locator``.</doc>
<status status="PASS" start="2024-03-07T01:24:43.595857" elapsed="3.391024"/>
</kw>
<kw name="Wait Until Page Contains" owner="SeleniumLibrary">
<arg>Mon panier</arg>
<doc>Waits until ``text`` appears on the current page.</doc>
<status status="PASS" start="2024-03-07T01:24:46.987877" elapsed="0.053855"/>
</kw>
<status status="PASS" start="2024-03-07T01:24:36.236744" elapsed="10.804988"/>
</kw>
<kw name="continuer les achats" owner="panier">
<kw name="Click Link" owner="SeleniumLibrary">
<msg time="2024-03-07T01:24:47.043725" level="INFO">Clicking link 'xpath=//*[@id="shopify-section-template--15054349566161__main"]/section/div/div[2]/div[1]/a'.</msg>
<arg>xpath=//*[@id="shopify-section-template--15054349566161__main"]/section/div/div[2]/div[1]/a</arg>
<doc>Clicks a link identified by ``locator``.</doc>
<status status="PASS" start="2024-03-07T01:24:47.042728" elapsed="2.031095"/>
</kw>
<kw name="Wait Until Page Contains" owner="SeleniumLibrary">
<arg>Mon panier</arg>
<doc>Waits until ``text`` appears on the current page.</doc>
<status status="PASS" start="2024-03-07T01:24:49.074821" elapsed="0.038896"/>
</kw>
<status status="PASS" start="2024-03-07T01:24:47.042728" elapsed="2.071986"/>
</kw>
<status status="PASS" start="2024-03-07T01:24:36.235746" elapsed="12.879965"/>
</test>
<test id="s1-s1-t4" name="Page produit 2" line="35">
<kw name="choisir une nouvelle categorie" owner="pagesProduits2">
<kw name="Click Link" owner="SeleniumLibrary">
<msg time="2024-03-07T01:24:49.125685" level="INFO">Clicking link 'xpath=//*[@id="shopify-section-template--15054349861073__grid"]/section/div/div[1]/div[15]/div[2]/h3/a'.</msg>
<arg>xpath=//*[@id="shopify-section-template--15054349861073__grid"]/section/div/div[1]/div[15]/div[2]/h3/a</arg>
<doc>Clicks a link identified by ``locator``.</doc>
<status status="PASS" start="2024-03-07T01:24:49.122692" elapsed="1.810385"/>
</kw>
<status status="PASS" start="2024-03-07T01:24:49.120697" elapsed="1.812380"/>
</kw>
<kw name="choisir son sac" owner="pagesProduits2">
<kw name="Click Link" owner="SeleniumLibrary">
<msg time="2024-03-07T01:24:50.937066" level="INFO">Clicking link 'xpath = //*[@id="prod-7281086496977"]/div[2]/a'.</msg>
<arg>xpath = //*[@id="prod-7281086496977"]/div[2]/a</arg>
<doc>Clicks a link identified by ``locator``.</doc>
<status status="PASS" start="2024-03-07T01:24:50.936069" elapsed="2.168328"/>
</kw>
<kw name="Wait Until Page Contains" owner="SeleniumLibrary">
<arg>Tom et Eva Sac Cabas Femme Vintage avec bandeau de soie Noir 29*10*24 cm</arg>
<doc>Waits until ``text`` appears on the current page.</doc>
<status status="PASS" start="2024-03-07T01:24:53.105395" elapsed="0.118681"/>
</kw>
<kw name="Click Element" owner="SeleniumLibrary">
<msg time="2024-03-07T01:24:53.226074" level="INFO">Clicking element 'xpath=//*[@id="thumb-slider-wrapper"]/div/div[2]/div/img'.</msg>
<arg>xpath=//*[@id="thumb-slider-wrapper"]/div/div[2]/div/img</arg>
<doc>Click the element identified by ``locator``.</doc>
<status status="PASS" start="2024-03-07T01:24:53.225073" elapsed="0.093749"/>
</kw>
<kw name="Click Element" owner="SeleniumLibrary">
<msg time="2024-03-07T01:24:53.319821" level="INFO">Clicking element 'xpath=//*[@id="thumb-slider-wrapper"]/div/div[3]/div/img'.</msg>
<arg>xpath=//*[@id="thumb-slider-wrapper"]/div/div[3]/div/img</arg>
<doc>Click the element identified by ``locator``.</doc>
<status status="PASS" start="2024-03-07T01:24:53.319821" elapsed="0.120680"/>
</kw>
<status status="PASS" start="2024-03-07T01:24:50.935071" elapsed="2.505430"/>
</kw>
<kw name="Ajout les produits au paniers" owner="pagesProduits2">
<kw name="Click Button" owner="SeleniumLibrary">
<msg time="2024-03-07T01:24:53.443491" level="INFO">Clicking button 'xpath=//*[@id="addToCart"]'.</msg>
<arg>xpath=//*[@id="addToCart"]</arg>
<doc>Clicks the button identified by ``locator``.</doc>
<status status="PASS" start="2024-03-07T01:24:53.442493" elapsed="0.129655"/>
</kw>
<kw name="Wait Until Page Contains" owner="SeleniumLibrary">
<arg>Mon panier</arg>
<doc>Waits until ``text`` appears on the current page.</doc>
<status status="PASS" start="2024-03-07T01:24:53.572148" elapsed="0.102725"/>
</kw>
<kw name="Wait Until Element Is Visible" owner="SeleniumLibrary">
<arg>xpath=//*[@id="mini-cart"]/div[3]/form/div[3]/div[2]/a</arg>
<arg>timeout=60s</arg>
<doc>Waits until the element ``locator`` is visible.</doc>
<status status="PASS" start="2024-03-07T01:24:53.674873" elapsed="1.045723"/>
</kw>
<status status="PASS" start="2024-03-07T01:24:53.441495" elapsed="1.279101"/>
</kw>
<status status="PASS" start="2024-03-07T01:24:49.118703" elapsed="5.602894"/>
</test>
<kw name="End Web Test" owner="common" type="TEARDOWN">
<kw name="Close Browser" owner="SeleniumLibrary">
<doc>Closes the current browser.</doc>
<status status="PASS" start="2024-03-07T01:24:54.724586" elapsed="2.789283"/>
</kw>
<status status="PASS" start="2024-03-07T01:24:54.724586" elapsed="2.790281"/>
</kw>
<status status="PASS" start="2024-03-07T01:22:49.136340" elapsed="128.378527"/>
</suite>
<status status="PASS" start="2024-03-07T01:22:49.098442" elapsed="128.421372"/>
</suite>
<statistics>
<total>
<stat pass="4" fail="0" skip="0">All Tests</stat>
</total>
<tag>
</tag>
<suite>
<stat pass="4" fail="0" skip="0" id="s1" name="Tests">Tests</stat>
<stat pass="4" fail="0" skip="0" id="s1-s1" name="Main">Tests.Main</stat>
</suite>
</statistics>
<errors>
<msg time="2024-03-07T01:24:14.484321" level="WARN">Exception managing chrome: error sending request for url (https://googlechromelabs.github.io/chrome-for-testing/known-good-versions-with-downloads.json): error trying to connect: tcp connect error: Une tentative de connexion a échoué car le parti connecté n’a pas répondu convenablement au-delà d’une certaine durée ou une connexion établie a échoué car l’hôte de connexion n’a pas répondu. (os error 10060)</msg>
<msg time="2024-03-07T01:24:14.486317" level="WARN">The chromedriver version (121.0.6167.85) detected in PATH at C:\bin\chromedriver.exe might not be compatible with the detected chrome version (122.0.6261.95); currently, chromedriver  is recommended for chrome 122.*, so it is advised to delete the driver in PATH and retry</msg>
</errors>
</robot>
